<?xml version="1.0" encoding="UTF-8"?>
<!-- Generated by org.testng.reporters.JUnitReportReporter -->
<testsuite skipped="0" hostname="LAPTOP-4DVT6KC1" name="expediaChallenge.ExpediaTest" tests="4" failures="0" timestamp="2020-02-26T01:58:51 GMT" time="5.084" errors="0">
  <testcase name="doesPriceMatch" time="3.705" classname="expediaChallenge.ExpediaTest"/>
  <system-out/>
  <testcase name="doesNotPriceMatch" time="0.568" classname="expediaChallenge.ExpediaTest"/>
  <system-out/>
  <testcase name="visiblityOfAirLines" time="0.597" classname="expediaChallenge.ExpediaTest"/>
  <system-out/>
  <testcase name="footerNoteText" time="0.214" classname="expediaChallenge.ExpediaTest"/>
  <system-out/>
</testsuite> <!-- expediaChallenge.ExpediaTest -->
